<?xml version="1.0" encoding="UTF-8"?>
<!-- Generated by org.testng.reporters.JUnitXMLReporter -->
<testsuite hostname="DESKTOP-HH3QKF9" ignored="0" name="Test" tests="3" failures="0" timestamp="2022-05-16T06:58:37 IST" time="25.745" errors="0">
  <testcase name="actualTest1" time="25.553" classname="TestNGRelated.TestNGTest"/>
  <testcase name="actualTest3" time="25.585" classname="TestNGRelated.TestNGTest"/>
  <testcase name="actualTest2" time="25.631" classname="TestNGRelated.TestNGTest"/>
</testsuite> <!-- Test -->
