<?xml version="1.0" encoding="UTF-8"?>
<testng-results skipped="0" failed="0" ignored="0" total="1" passed="1">
  <reporter-output>
  </reporter-output>
  <suite name="Suite" duration-ms="22343" started-at="2022-05-14T18:08:32 IST" finished-at="2022-05-14T18:08:54 IST">
    <groups>
    </groups>
    <test name="Test" duration-ms="22343" started-at="2022-05-14T18:08:32 IST" finished-at="2022-05-14T18:08:54 IST">
      <class name="TestNGRelated.TestNGTest">
        <test-method status="PASS" signature="setup()[pri:0, instance:TestNGRelated.TestNGTest@76f2b07d]" name="setup" is-config="true" duration-ms="16764" started-at="2022-05-14T18:08:32 IST" finished-at="2022-05-14T18:08:49 IST">
          <reporter-output>
          </reporter-output>
        </test-method> <!-- setup -->
        <test-method status="PASS" signature="actualTest()[pri:0, instance:TestNGRelated.TestNGTest@76f2b07d]" name="actualTest" duration-ms="1262" started-at="2022-05-14T18:08:49 IST" finished-at="2022-05-14T18:08:50 IST">
          <reporter-output>
          </reporter-output>
        </test-method> <!-- actualTest -->
        <test-method status="PASS" signature="tearDown()[pri:0, instance:TestNGRelated.TestNGTest@76f2b07d]" name="tearDown" is-config="true" duration-ms="4235" started-at="2022-05-14T18:08:50 IST" finished-at="2022-05-14T18:08:54 IST">
          <reporter-output>
          </reporter-output>
        </test-method> <!-- tearDown -->
      </class> <!-- TestNGRelated.TestNGTest -->
    </test> <!-- Test -->
  </suite> <!-- Suite -->
</testng-results>
